[debug] [2022-12-25T17:58:43.766Z] ----------------------------------------------------------------------
[debug] [2022-12-25T17:58:43.767Z] Command:       /Users/ryelbanfield/.nvm/versions/node/v18.12.1/bin/node /Users/ryelbanfield/.nvm/versions/node/v18.12.1/bin/firebase deploy --only functions
[debug] [2022-12-25T17:58:43.767Z] CLI Version:   11.19.0
[debug] [2022-12-25T17:58:43.767Z] Platform:      darwin
[debug] [2022-12-25T17:58:43.767Z] Node Version:  v18.12.1
[debug] [2022-12-25T17:58:43.768Z] Time:          Sun Dec 25 2022 13:58:43 GMT-0400 (Atlantic Standard Time)
[debug] [2022-12-25T17:58:43.768Z] ----------------------------------------------------------------------
[debug] 
[debug] [2022-12-25T17:58:43.799Z] > command requires scopes: ["email","openid","https://www.googleapis.com/auth/cloudplatformprojects.readonly","https://www.googleapis.com/auth/firebase","https://www.googleapis.com/auth/cloud-platform"]
[debug] [2022-12-25T17:58:43.800Z] > authorizing via signed-in user (ryelbanfield@gmail.com)
[debug] [2022-12-25T17:58:43.800Z] [iam] checking project viewfinder-dev for permissions ["cloudfunctions.functions.create","cloudfunctions.functions.delete","cloudfunctions.functions.get","cloudfunctions.functions.list","cloudfunctions.functions.update","cloudfunctions.operations.get","firebase.projects.get"]
[debug] [2022-12-25T17:58:43.801Z] >>> [apiv2][query] POST https://cloudresourcemanager.googleapis.com/v1/projects/viewfinder-dev:testIamPermissions [none]
[debug] [2022-12-25T17:58:43.801Z] >>> [apiv2][(partial)header] POST https://cloudresourcemanager.googleapis.com/v1/projects/viewfinder-dev:testIamPermissions x-goog-quota-user=projects/viewfinder-dev
[debug] [2022-12-25T17:58:43.801Z] >>> [apiv2][body] POST https://cloudresourcemanager.googleapis.com/v1/projects/viewfinder-dev:testIamPermissions {"permissions":["cloudfunctions.functions.create","cloudfunctions.functions.delete","cloudfunctions.functions.get","cloudfunctions.functions.list","cloudfunctions.functions.update","cloudfunctions.operations.get","firebase.projects.get"]}
[debug] [2022-12-25T17:58:44.118Z] <<< [apiv2][status] POST https://cloudresourcemanager.googleapis.com/v1/projects/viewfinder-dev:testIamPermissions 200
[debug] [2022-12-25T17:58:44.119Z] <<< [apiv2][body] POST https://cloudresourcemanager.googleapis.com/v1/projects/viewfinder-dev:testIamPermissions {"permissions":["cloudfunctions.functions.create","cloudfunctions.functions.delete","cloudfunctions.functions.get","cloudfunctions.functions.list","cloudfunctions.functions.update","cloudfunctions.operations.get","firebase.projects.get"]}
[debug] [2022-12-25T17:58:44.119Z] >>> [apiv2][query] POST https://iam.googleapis.com/v1/projects/viewfinder-dev/serviceAccounts/viewfinder-dev@appspot.gserviceaccount.com:testIamPermissions [none]
[debug] [2022-12-25T17:58:44.119Z] >>> [apiv2][body] POST https://iam.googleapis.com/v1/projects/viewfinder-dev/serviceAccounts/viewfinder-dev@appspot.gserviceaccount.com:testIamPermissions {"permissions":["iam.serviceAccounts.actAs"]}
[debug] [2022-12-25T17:58:44.438Z] <<< [apiv2][status] POST https://iam.googleapis.com/v1/projects/viewfinder-dev/serviceAccounts/viewfinder-dev@appspot.gserviceaccount.com:testIamPermissions 200
[debug] [2022-12-25T17:58:44.438Z] <<< [apiv2][body] POST https://iam.googleapis.com/v1/projects/viewfinder-dev/serviceAccounts/viewfinder-dev@appspot.gserviceaccount.com:testIamPermissions {"permissions":["iam.serviceAccounts.actAs"]}
[info] 
[info] === Deploying to 'viewfinder-dev'...
[info] 
[info] i  deploying functions 
[info] Running command: npm --prefix "$RESOURCE_DIR" run build
[info] ✔  functions: Finished running predeploy script. 
[debug] [2022-12-25T17:58:46.877Z] >>> [apiv2][query] GET https://firebase.googleapis.com/v1beta1/projects/viewfinder-dev [none]
[debug] [2022-12-25T17:58:47.330Z] <<< [apiv2][status] GET https://firebase.googleapis.com/v1beta1/projects/viewfinder-dev 200
[debug] [2022-12-25T17:58:47.330Z] <<< [apiv2][body] GET https://firebase.googleapis.com/v1beta1/projects/viewfinder-dev {"projectId":"viewfinder-dev","projectNumber":"605369814009","displayName":"Viewfinder-Development","name":"projects/viewfinder-dev","resources":{"hostingSite":"viewfinder-dev","storageBucket":"viewfinder-dev.appspot.com","locationId":"us-central"},"state":"ACTIVE","etag":"1_c9b9fb98-94d4-41b6-953e-c0d438c9e58a"}
[info] i  functions: preparing codebase default for deployment 
[info] i  functions: ensuring required API cloudfunctions.googleapis.com is enabled... 
[info] i  functions: ensuring required API cloudbuild.googleapis.com is enabled... 
[info] i  artifactregistry: ensuring required API artifactregistry.googleapis.com is enabled... 
[debug] [2022-12-25T17:58:47.333Z] >>> [apiv2][query] GET https://serviceusage.googleapis.com/v1/projects/viewfinder-dev/services/cloudfunctions.googleapis.com [none]
[debug] [2022-12-25T17:58:47.333Z] >>> [apiv2][(partial)header] GET https://serviceusage.googleapis.com/v1/projects/viewfinder-dev/services/cloudfunctions.googleapis.com x-goog-quota-user=projects/viewfinder-dev
[debug] [2022-12-25T17:58:47.335Z] >>> [apiv2][query] GET https://serviceusage.googleapis.com/v1/projects/viewfinder-dev/services/runtimeconfig.googleapis.com [none]
[debug] [2022-12-25T17:58:47.335Z] >>> [apiv2][(partial)header] GET https://serviceusage.googleapis.com/v1/projects/viewfinder-dev/services/runtimeconfig.googleapis.com x-goog-quota-user=projects/viewfinder-dev
[debug] [2022-12-25T17:58:47.336Z] >>> [apiv2][query] GET https://serviceusage.googleapis.com/v1/projects/viewfinder-dev/services/cloudbuild.googleapis.com [none]
[debug] [2022-12-25T17:58:47.337Z] >>> [apiv2][(partial)header] GET https://serviceusage.googleapis.com/v1/projects/viewfinder-dev/services/cloudbuild.googleapis.com x-goog-quota-user=projects/viewfinder-dev
[debug] [2022-12-25T17:58:47.338Z] >>> [apiv2][query] GET https://serviceusage.googleapis.com/v1/projects/viewfinder-dev/services/artifactregistry.googleapis.com [none]
[debug] [2022-12-25T17:58:47.338Z] >>> [apiv2][(partial)header] GET https://serviceusage.googleapis.com/v1/projects/viewfinder-dev/services/artifactregistry.googleapis.com x-goog-quota-user=projects/viewfinder-dev
[debug] [2022-12-25T17:58:47.850Z] <<< [apiv2][status] GET https://serviceusage.googleapis.com/v1/projects/viewfinder-dev/services/runtimeconfig.googleapis.com 200
[debug] [2022-12-25T17:58:47.851Z] <<< [apiv2][body] GET https://serviceusage.googleapis.com/v1/projects/viewfinder-dev/services/runtimeconfig.googleapis.com [omitted]
[debug] [2022-12-25T17:58:47.867Z] <<< [apiv2][status] GET https://serviceusage.googleapis.com/v1/projects/viewfinder-dev/services/cloudfunctions.googleapis.com 200
[debug] [2022-12-25T17:58:47.867Z] <<< [apiv2][body] GET https://serviceusage.googleapis.com/v1/projects/viewfinder-dev/services/cloudfunctions.googleapis.com [omitted]
[info] ✔  functions: required API cloudfunctions.googleapis.com is enabled 
[debug] [2022-12-25T17:58:47.875Z] <<< [apiv2][status] GET https://serviceusage.googleapis.com/v1/projects/viewfinder-dev/services/artifactregistry.googleapis.com 200
[debug] [2022-12-25T17:58:47.875Z] <<< [apiv2][body] GET https://serviceusage.googleapis.com/v1/projects/viewfinder-dev/services/artifactregistry.googleapis.com [omitted]
[info] ✔  artifactregistry: required API artifactregistry.googleapis.com is enabled 
[debug] [2022-12-25T17:58:47.888Z] <<< [apiv2][status] GET https://serviceusage.googleapis.com/v1/projects/viewfinder-dev/services/cloudbuild.googleapis.com 200
[debug] [2022-12-25T17:58:47.888Z] <<< [apiv2][body] GET https://serviceusage.googleapis.com/v1/projects/viewfinder-dev/services/cloudbuild.googleapis.com [omitted]
[info] ✔  functions: required API cloudbuild.googleapis.com is enabled 
[debug] [2022-12-25T17:58:47.889Z] >>> [apiv2][query] GET https://firebase.googleapis.com/v1beta1/projects/viewfinder-dev/adminSdkConfig [none]
[debug] [2022-12-25T17:58:48.362Z] <<< [apiv2][status] GET https://firebase.googleapis.com/v1beta1/projects/viewfinder-dev/adminSdkConfig 200
[debug] [2022-12-25T17:58:48.362Z] <<< [apiv2][body] GET https://firebase.googleapis.com/v1beta1/projects/viewfinder-dev/adminSdkConfig {"projectId":"viewfinder-dev","storageBucket":"viewfinder-dev.appspot.com","locationId":"us-central"}
[debug] [2022-12-25T17:58:48.363Z] >>> [apiv2][query] GET https://runtimeconfig.googleapis.com/v1beta1/projects/viewfinder-dev/configs [none]
[debug] [2022-12-25T17:58:48.803Z] <<< [apiv2][status] GET https://runtimeconfig.googleapis.com/v1beta1/projects/viewfinder-dev/configs 200
[debug] [2022-12-25T17:58:48.803Z] <<< [apiv2][body] GET https://runtimeconfig.googleapis.com/v1beta1/projects/viewfinder-dev/configs {}
[debug] [2022-12-25T17:58:48.806Z] Validating nodejs source
[debug] [2022-12-25T17:58:49.837Z] > [functions] package.json contents: {
  "name": "functions",
  "scripts": {
    "build": "tsc",
    "build:watch": "tsc --watch",
    "serve": "npm run build && firebase emulators:start --only functions",
    "shell": "npm run build && firebase functions:shell",
    "start": "npm run shell",
    "deploy": "firebase deploy --only functions",
    "logs": "firebase functions:log"
  },
  "engines": {
    "node": "18"
  },
  "main": "lib/index.js",
  "dependencies": {
    "firebase-admin": "^11.4.1",
    "firebase-functions": "^4.1.1"
  },
  "devDependencies": {
    "@types/node": "^18.7.23",
    "@types/react": "^18.0.21",
    "typescript": "^4.6.4"
  },
  "private": true
}
[debug] [2022-12-25T17:58:49.837Z] Building nodejs source
[debug] [2022-12-25T17:58:49.838Z] Could not find functions.yaml. Must use http discovery
[debug] [2022-12-25T17:58:50.192Z] Serving at port 9005

[debug] [2022-12-25T17:58:50.298Z] Got response from /__/functions.yaml {"endpoints":{"deleteUserDoc":{"platform":"gcfv1","availableMemoryMb":null,"timeoutSeconds":null,"minInstances":null,"maxInstances":null,"ingressSettings":null,"serviceAccountEmail":null,"vpc":null,"eventTrigger":{"eventType":"providers/firebase.auth/eventTypes/user.delete","eventFilters":{"resource":"projects/viewfinder-dev"},"retry":false},"labels":{},"entryPoint":"deleteUserDoc"},"deleteImageDoc":{"platform":"gcfv1","availableMemoryMb":null,"timeoutSeconds":null,"minInstances":null,"maxInstances":null,"ingressSettings":null,"serviceAccountEmail":null,"vpc":null,"eventTrigger":{"eventType":"google.storage.object.delete","eventFilters":{"resource":"projects/_/buckets/viewfinder-dev.appspot.com"},"retry":false},"labels":{},"entryPoint":"deleteImageDoc"}},"specVersion":"v1alpha1","requiredAPIs":[]}
[debug] [2022-12-25T17:58:50.303Z] shutdown requested via /__/quitquitquit

[info] i  functions: preparing functions directory for uploading... 
[info] i  functions: packaged /Users/ryelbanfield/Documents/Code/viewfinder-web/functions (40.67 KB) for uploading 
[debug] [2022-12-25T17:58:50.327Z] >>> [apiv2][query] GET https://cloudfunctions.googleapis.com/v1/projects/viewfinder-dev/locations/-/functions [none]
[debug] [2022-12-25T17:58:50.969Z] <<< [apiv2][status] GET https://cloudfunctions.googleapis.com/v1/projects/viewfinder-dev/locations/-/functions 200
[debug] [2022-12-25T17:58:50.970Z] <<< [apiv2][body] GET https://cloudfunctions.googleapis.com/v1/projects/viewfinder-dev/locations/-/functions {"functions":[{"name":"projects/viewfinder-dev/locations/us-central1/functions/deleteImageDoc","eventTrigger":{"eventType":"google.storage.object.delete","resource":"projects/_/buckets/viewfinder-dev.appspot.com","service":"storage.googleapis.com","failurePolicy":{}},"status":"ACTIVE","entryPoint":"deleteImageDoc","timeout":"60s","availableMemoryMb":256,"serviceAccountEmail":"viewfinder-dev@appspot.gserviceaccount.com","updateTime":"2022-12-25T17:55:18.098Z","versionId":"4","labels":{"deployment-tool":"cli-firebase","firebase-functions-hash":"3faece9fbaf0669a72a2974712b0312f681e84b7"},"sourceUploadUrl":"https://storage.googleapis.com/uploads-711952308405.us-central1.cloudfunctions.appspot.com/acac8af4-d749-4973-a243-f09a9a324749.zip","environmentVariables":{"FIREBASE_CONFIG":"{\"projectId\":\"viewfinder-dev\",\"storageBucket\":\"viewfinder-dev.appspot.com\",\"locationId\":\"us-central\"}","GCLOUD_PROJECT":"viewfinder-dev","EVENTARC_CLOUD_EVENT_SOURCE":"projects/viewfinder-dev/locations/us-central1/functions/deleteImageDoc"},"runtime":"nodejs18","maxInstances":3000,"ingressSettings":"ALLOW_ALL","buildId":"790dc983-2a5d-4833-9a89-0396366b9750","buildName":"projects/605369814009/locations/us-central1/builds/790dc983-2a5d-4833-9a89-0396366b9750","dockerRegistry":"ARTIFACT_REGISTRY"},{"name":"projects/viewfinder-dev/locations/us-central1/functions/deleteUserDoc","eventTrigger":{"eventType":"providers/firebase.auth/eventTypes/user.delete","resource":"projects/viewfinder-dev","service":"firebaseauth.googleapis.com","failurePolicy":{}},"status":"ACTIVE","entryPoint":"deleteUserDoc","timeout":"60s","availableMemoryMb":256,"serviceAccountEmail":"viewfinder-dev@appspot.gserviceaccount.com","updateTime":"2022-12-25T17:55:20.646Z","versionId":"4","labels":{"deployment-tool":"cli-firebase","firebase-functions-hash":"3faece9fbaf0669a72a2974712b0312f681e84b7"},"sourceUploadUrl":"https://storage.googleapis.com/uploads-711952308405.us-central1.cloudfunctions.appspot.com/acac8af4-d749-4973-a243-f09a9a324749.zip","environmentVariables":{"FIREBASE_CONFIG":"{\"projectId\":\"viewfinder-dev\",\"storageBucket\":\"viewfinder-dev.appspot.com\",\"locationId\":\"us-central\"}","GCLOUD_PROJECT":"viewfinder-dev","EVENTARC_CLOUD_EVENT_SOURCE":"projects/viewfinder-dev/locations/us-central1/functions/deleteImageDoc"},"runtime":"nodejs18","maxInstances":3000,"ingressSettings":"ALLOW_ALL","buildId":"790dc983-2a5d-4833-9a89-0396366b9750","buildName":"projects/605369814009/locations/us-central1/builds/790dc983-2a5d-4833-9a89-0396366b9750","dockerRegistry":"ARTIFACT_REGISTRY"}]}
[debug] [2022-12-25T17:58:50.972Z] >>> [apiv2][query] GET https://cloudfunctions.googleapis.com/v2/projects/viewfinder-dev/locations/-/functions filter=environment%3D%22GEN_2%22
[debug] [2022-12-25T17:58:51.636Z] <<< [apiv2][status] GET https://cloudfunctions.googleapis.com/v2/projects/viewfinder-dev/locations/-/functions 200
[debug] [2022-12-25T17:58:51.637Z] <<< [apiv2][body] GET https://cloudfunctions.googleapis.com/v2/projects/viewfinder-dev/locations/-/functions {}
[debug] [2022-12-25T17:58:51.639Z] >>> [apiv2][query] GET https://firebase.googleapis.com/v1beta1/projects/viewfinder-dev [none]
[debug] [2022-12-25T17:58:52.071Z] <<< [apiv2][status] GET https://firebase.googleapis.com/v1beta1/projects/viewfinder-dev 200
[debug] [2022-12-25T17:58:52.071Z] <<< [apiv2][body] GET https://firebase.googleapis.com/v1beta1/projects/viewfinder-dev {"projectId":"viewfinder-dev","projectNumber":"605369814009","displayName":"Viewfinder-Development","name":"projects/viewfinder-dev","resources":{"hostingSite":"viewfinder-dev","storageBucket":"viewfinder-dev.appspot.com","locationId":"us-central"},"state":"ACTIVE","etag":"1_c9b9fb98-94d4-41b6-953e-c0d438c9e58a"}
[debug] [2022-12-25T17:58:52.071Z] >>> [apiv2][query] GET https://firebase.googleapis.com/v1beta1/projects/viewfinder-dev [none]
[debug] [2022-12-25T17:58:52.530Z] <<< [apiv2][status] GET https://firebase.googleapis.com/v1beta1/projects/viewfinder-dev 200
[debug] [2022-12-25T17:58:52.530Z] <<< [apiv2][body] GET https://firebase.googleapis.com/v1beta1/projects/viewfinder-dev {"projectId":"viewfinder-dev","projectNumber":"605369814009","displayName":"Viewfinder-Development","name":"projects/viewfinder-dev","resources":{"hostingSite":"viewfinder-dev","storageBucket":"viewfinder-dev.appspot.com","locationId":"us-central"},"state":"ACTIVE","etag":"1_c9b9fb98-94d4-41b6-953e-c0d438c9e58a"}
[debug] [2022-12-25T17:58:52.531Z] >>> [apiv2][query] POST https://cloudfunctions.googleapis.com/v1/projects/viewfinder-dev/locations/us-central1/functions:generateUploadUrl [none]
[debug] [2022-12-25T17:58:52.531Z] >>> [apiv2][body] POST https://cloudfunctions.googleapis.com/v1/projects/viewfinder-dev/locations/us-central1/functions:generateUploadUrl {}
[debug] [2022-12-25T17:58:53.339Z] <<< [apiv2][status] POST https://cloudfunctions.googleapis.com/v1/projects/viewfinder-dev/locations/us-central1/functions:generateUploadUrl 200
[debug] [2022-12-25T17:58:53.340Z] <<< [apiv2][body] POST https://cloudfunctions.googleapis.com/v1/projects/viewfinder-dev/locations/us-central1/functions:generateUploadUrl {"uploadUrl":"https://storage.googleapis.com/uploads-711952308405.us-central1.cloudfunctions.appspot.com/7bc438c0-57f1-49e8-89be-1d4cf16bf7ef.zip?GoogleAccessId=service-605369814009@gcf-admin-robot.iam.gserviceaccount.com&Expires=1671992933&Signature=vuVpbS9ehgo7htCL9YWoSlljP2P%2FYfdV5kLCl6ndrxLYDXwuwXbpmPdIfa%2B2P6gH8QbbqSTDMnSHukqUsKh6%2BBw9Brevq4ZmSIMEfTxhzopL6BdWqU6jT5RaPU%2BxYYKvPdqxBtdgQHrPt6u%2FYL9aXEiqxcg8EEguSL%2FizqVPcLlFKjUX6DLDESMLHv03QYAOP9bmOJWXHB%2F%2BlQUNszFu6mxts0SWpK6PfrrsqwSpQdQjT5RCv%2F%2FcaUa8rjH9YDH04pOCDvV564NZEAoQXdc%2FnKPRV8ZyhduPAAuSV0%2Fv0XXJTE%2BxsfqILi%2FG%2BqhqS5ze1gCGnQoiAlajJ%2BQku9p8UA%3D%3D"}
[debug] [2022-12-25T17:58:53.340Z] >>> [apiv2][query] PUT https://storage.googleapis.com/uploads-711952308405.us-central1.cloudfunctions.appspot.com/7bc438c0-57f1-49e8-89be-1d4cf16bf7ef.zip GoogleAccessId=service-605369814009%40gcf-admin-robot.iam.gserviceaccount.com&Expires=1671992933&Signature=vuVpbS9ehgo7htCL9YWoSlljP2P%2FYfdV5kLCl6ndrxLYDXwuwXbpmPdIfa%2B2P6gH8QbbqSTDMnSHukqUsKh6%2BBw9Brevq4ZmSIMEfTxhzopL6BdWqU6jT5RaPU%2BxYYKvPdqxBtdgQHrPt6u%2FYL9aXEiqxcg8EEguSL%2FizqVPcLlFKjUX6DLDESMLHv03QYAOP9bmOJWXHB%2F%2BlQUNszFu6mxts0SWpK6PfrrsqwSpQdQjT5RCv%2F%2FcaUa8rjH9YDH04pOCDvV564NZEAoQXdc%2FnKPRV8ZyhduPAAuSV0%2Fv0XXJTE%2BxsfqILi%2FG%2BqhqS5ze1gCGnQoiAlajJ%2BQku9p8UA%3D%3D
[debug] [2022-12-25T17:58:53.340Z] >>> [apiv2][body] PUT https://storage.googleapis.com/uploads-711952308405.us-central1.cloudfunctions.appspot.com/7bc438c0-57f1-49e8-89be-1d4cf16bf7ef.zip [stream]
[debug] [2022-12-25T17:58:53.741Z] <<< [apiv2][status] PUT https://storage.googleapis.com/uploads-711952308405.us-central1.cloudfunctions.appspot.com/7bc438c0-57f1-49e8-89be-1d4cf16bf7ef.zip 200
[debug] [2022-12-25T17:58:53.742Z] <<< [apiv2][body] PUT https://storage.googleapis.com/uploads-711952308405.us-central1.cloudfunctions.appspot.com/7bc438c0-57f1-49e8-89be-1d4cf16bf7ef.zip [omitted]
[info] ✔  functions: functions folder uploaded successfully 
[info] i  functions: updating Node.js 18 function deleteUserDoc(us-central1)... 
[info] i  functions: updating Node.js 18 function deleteImageDoc(us-central1)... 
[debug] [2022-12-25T17:58:53.744Z] >>> [apiv2][query] PATCH https://cloudfunctions.googleapis.com/v1/projects/viewfinder-dev/locations/us-central1/functions/deleteUserDoc updateMask=name%2CsourceUploadUrl%2CentryPoint%2Cruntime%2CdockerRegistry%2Clabels%2CeventTrigger.eventType%2CeventTrigger.resource%2CeventTrigger.failurePolicy%2CminInstances%2CmaxInstances%2CingressSettings%2CenvironmentVariables%2CserviceAccountEmail%2CavailableMemoryMb%2Ctimeout%2CvpcConnector%2CvpcConnectorEgressSettings%2CsourceToken
[debug] [2022-12-25T17:58:53.744Z] >>> [apiv2][body] PATCH https://cloudfunctions.googleapis.com/v1/projects/viewfinder-dev/locations/us-central1/functions/deleteUserDoc {"name":"projects/viewfinder-dev/locations/us-central1/functions/deleteUserDoc","sourceUploadUrl":"https://storage.googleapis.com/uploads-711952308405.us-central1.cloudfunctions.appspot.com/7bc438c0-57f1-49e8-89be-1d4cf16bf7ef.zip?GoogleAccessId=service-605369814009@gcf-admin-robot.iam.gserviceaccount.com&Expires=1671992933&Signature=vuVpbS9ehgo7htCL9YWoSlljP2P%2FYfdV5kLCl6ndrxLYDXwuwXbpmPdIfa%2B2P6gH8QbbqSTDMnSHukqUsKh6%2BBw9Brevq4ZmSIMEfTxhzopL6BdWqU6jT5RaPU%2BxYYKvPdqxBtdgQHrPt6u%2FYL9aXEiqxcg8EEguSL%2FizqVPcLlFKjUX6DLDESMLHv03QYAOP9bmOJWXHB%2F%2BlQUNszFu6mxts0SWpK6PfrrsqwSpQdQjT5RCv%2F%2FcaUa8rjH9YDH04pOCDvV564NZEAoQXdc%2FnKPRV8ZyhduPAAuSV0%2Fv0XXJTE%2BxsfqILi%2FG%2BqhqS5ze1gCGnQoiAlajJ%2BQku9p8UA%3D%3D","entryPoint":"deleteUserDoc","runtime":"nodejs18","dockerRegistry":"ARTIFACT_REGISTRY","labels":{"deployment-tool":"cli-firebase","firebase-functions-hash":"030fccd34f761afa7fe8226b555de2aef9ce5a5e"},"eventTrigger":{"eventType":"providers/firebase.auth/eventTypes/user.delete","resource":"projects/viewfinder-dev"},"minInstances":null,"maxInstances":null,"ingressSettings":null,"environmentVariables":{"FIREBASE_CONFIG":"{\"projectId\":\"viewfinder-dev\",\"storageBucket\":\"viewfinder-dev.appspot.com\",\"locationId\":\"us-central\"}","GCLOUD_PROJECT":"viewfinder-dev","EVENTARC_CLOUD_EVENT_SOURCE":"projects/viewfinder-dev/locations/us-central1/functions/deleteImageDoc"},"serviceAccountEmail":null,"availableMemoryMb":null,"timeout":null,"vpcConnector":null,"vpcConnectorEgressSettings":null}
